#
# A fatal error has been detected by the Java Runtime Environment:
#
#  SIGSEGV (0xb) at pc=0x0000000108ee11c7, pid=16381, tid=23043
#
# JRE version: OpenJDK Runtime Environment AdoptOpenJDK-11.0.11+9 (11.0.11+9) (build 11.0.11+9)
# Java VM: OpenJDK 64-Bit Server VM AdoptOpenJDK-11.0.11+9 (11.0.11+9, mixed mode, tiered, compressed oops, g1 gc, bsd-amd64)
# Problematic frame:
# V  [libjvm.dylib+0xf71c7]  _ZN9ChunkPool8allocateEmN17AllocFailStrategy13AllocFailEnumE+0x2d
#
# No core dump will be written. Core dumps have been disabled. To enable core dumping, try "ulimit -c unlimited" before starting Java again
#
# If you would like to submit a bug report, please visit:
#   https://github.com/AdoptOpenJDK/openjdk-support/issues
#

---------------  S U M M A R Y ------------

Command Line: -Xmx64m -Xms64m -Dorg.gradle.appname=gradlew org.gradle.wrapper.GradleWrapperMain app:installDebug -PreactNativeDevServerPort=8081

Host: MacBookPro13,3 x86_64 2600 MHz, 8 cores, 16G, Darwin 21.6.0
Time: Wed Apr 26 19:52:36 2023 +05 elapsed time: 16.882276 seconds (0d 0h 0m 16s)

---------------  T H R E A D  ---------------

Current thread (0x00007fe5fb809000):  JavaThread "C1 CompilerThread0" daemon [_thread_in_vm, id=23043, stack(0x000070000c71a000,0x000070000c81a000)]


Current CompileTask:
C1:  16882 1262   !   3       org.gradle.internal.dispatch.ReflectionDispatch::dispatch (42 bytes)

Stack: [0x000070000c71a000,0x000070000c81a000],  sp=0x000070000c818b50,  free space=1018k
Native frames: (J=compiled Java code, A=aot compiled Java code, j=interpreted, Vv=VM code, C=native code)
V  [libjvm.dylib+0xf71c7]  _ZN9ChunkPool8allocateEmN17AllocFailStrategy13AllocFailEnumE+0x2d
V  [libjvm.dylib+0xf7974]  _ZN5Arena4growEmN17AllocFailStrategy13AllocFailEnumE+0x30
V  [libjvm.dylib+0x532087]  _ZN5Arena7AmallocEmN17AllocFailStrategy13AllocFailEnumE+0x87
V  [libjvm.dylib+0x137611]  _ZN13GrowableArrayIP10ciMetadataE4growEi+0x37
V  [libjvm.dylib+0x1e06f4]  _ZN13GrowableArrayIP10ciMetadataE13insert_beforeEiRKS1_+0x22
V  [libjvm.dylib+0x1dff37]  _ZN15ciObjectFactory12get_metadataEP8Metadata+0xbd
V  [libjvm.dylib+0x1d655c]  _ZN8ciMethod18ensure_method_dataERK12methodHandle+0x80
V  [libjvm.dylib+0x1d66ce]  _ZN8ciMethod18ensure_method_dataEv+0x148
V  [libjvm.dylib+0x16097e]  _ZN12GraphBuilder15try_inline_fullEP8ciMethodbbN9Bytecodes4CodeEP11Instruction+0x116
V  [libjvm.dylib+0x15bd6e]  _ZN12GraphBuilder10try_inlineEP8ciMethodbbN9Bytecodes4CodeEP11Instruction+0x126
V  [libjvm.dylib+0x15b620]  _ZN12GraphBuilder6invokeEN9Bytecodes4CodeE+0x7fc
V  [libjvm.dylib+0x15d5ec]  _ZN12GraphBuilder27iterate_bytecodes_for_blockEi+0x226
V  [libjvm.dylib+0x15efd0]  _ZN12GraphBuilder18iterate_all_blocksEb+0x2e
V  [libjvm.dylib+0x1611bd]  _ZN12GraphBuilder15try_inline_fullEP8ciMethodbbN9Bytecodes4CodeEP11Instruction+0x955
V  [libjvm.dylib+0x15bd6e]  _ZN12GraphBuilder10try_inlineEP8ciMethodbbN9Bytecodes4CodeEP11Instruction+0x126
V  [libjvm.dylib+0x15b620]  _ZN12GraphBuilder6invokeEN9Bytecodes4CodeE+0x7fc
V  [libjvm.dylib+0x15d5ec]  _ZN12GraphBuilder27iterate_bytecodes_for_blockEi+0x226
V  [libjvm.dylib+0x15f00b]  _ZN12GraphBuilder18iterate_all_blocksEb+0x69
V  [libjvm.dylib+0x1611bd]  _ZN12GraphBuilder15try_inline_fullEP8ciMethodbbN9Bytecodes4CodeEP11Instruction+0x955
V  [libjvm.dylib+0x15bd6e]  _ZN12GraphBuilder10try_inlineEP8ciMethodbbN9Bytecodes4CodeEP11Instruction+0x126
V  [libjvm.dylib+0x15b620]  _ZN12GraphBuilder6invokeEN9Bytecodes4CodeE+0x7fc
V  [libjvm.dylib+0x15d5ec]  _ZN12GraphBuilder27iterate_bytecodes_for_blockEi+0x226
V  [libjvm.dylib+0x15f00b]  _ZN12GraphBuilder18iterate_all_blocksEb+0x69
V  [libjvm.dylib+0x15fdce]  _ZN12GraphBuilderC2EP11CompilationP7IRScope+0x314
V  [libjvm.dylib+0x165720]  _ZN7IRScopeC2EP11CompilationPS_iP8ciMethodib+0x10e
V  [libjvm.dylib+0x165b36]  _ZN2IRC2EP11CompilationP8ciMethodi+0x76
V  [libjvm.dylib+0x1507cd]  _ZN11Compilation9build_hirEv+0xaf
V  [libjvm.dylib+0x15100c]  _ZN11Compilation19compile_java_methodEv+0x58
V  [libjvm.dylib+0x151249]  _ZN11Compilation14compile_methodEv+0x71
V  [libjvm.dylib+0x15146d]  _ZN11CompilationC2EP16AbstractCompilerP5ciEnvP8ciMethodiP10BufferBlobP12DirectiveSet+0x17f
V  [libjvm.dylib+0x15288d]  _ZN8Compiler14compile_methodEP5ciEnvP8ciMethodiP12DirectiveSet+0x61
V  [libjvm.dylib+0x23bedb]  _ZN13CompileBroker25invoke_compiler_on_methodEP11CompileTask+0x577
V  [libjvm.dylib+0x23b7ef]  _ZN13CompileBroker20compiler_thread_loopEv+0x1ab
V  [libjvm.dylib+0x7732a6]  _ZN10JavaThread17thread_main_innerEv+0x82
V  [libjvm.dylib+0x7730f0]  _ZN10JavaThread3runEv+0x174
V  [libjvm.dylib+0x770fcc]  _ZN6Thread8call_runEv+0x68
V  [libjvm.dylib+0x62014b]  _ZL19thread_native_entryP6Thread+0x139
C  [libsystem_pthread.dylib+0x64e1]  _pthread_start+0x7d
C  [libsystem_pthread.dylib+0x1f6b]  thread_start+0xf


siginfo: si_signo: 11 (SIGSEGV), si_code: 1 (SEGV_MAPERR), si_addr: 0x00007fc5fd026e00

Register to memory mapping:

RAX=0x0 is NULL
RBX=0x0000600003ff42c0 points into unknown readable memory: 0x00007fc5fd026e00 | 00 6e 02 fd c5 7f 00 00
RCX=0x0000570000005700 is an unknown value
RDX=0x00000001097845d8: _ZL8tc_mutex+0x20 in /Library/Java/JavaVirtualMachines/adoptopenjdk-11.jdk/Contents/Home/lib/server/libjvm.dylib at 0x0000000108dea000
RSP=0x000070000c818b50 is pointing into the stack for thread: 0x00007fe5fb809000
RBP=0x000070000c818ba0 is pointing into the stack for thread: 0x00007fe5fb809000
RSI=0x0000570000005700 is an unknown value
RDI=0x00000001097845b8: _ZL8tc_mutex+0 in /Library/Java/JavaVirtualMachines/adoptopenjdk-11.jdk/Contents/Home/lib/server/libjvm.dylib at 0x0000000108dea000
R8 =0x000000000007410f is an unknown value
R9 =0xffffffff00000000 is an unknown value
R10=0x00000001097845d0: _ZL8tc_mutex+0x18 in /Library/Java/JavaVirtualMachines/adoptopenjdk-11.jdk/Contents/Home/lib/server/libjvm.dylib at 0x0000000108dea000
R11=0x0 is NULL
R12=0x00007fc5fd026e00 is an unknown value
R13=0x00000000000000b7 is an unknown value
R14=0x0000000000007fe8 is an unknown value
R15=0x0 is NULL


Registers:
RAX=0x0000000000000000, RBX=0x0000600003ff42c0, RCX=0x0000570000005700, RDX=0x00000001097845d8
RSP=0x000070000c818b50, RBP=0x000070000c818ba0, RSI=0x0000570000005700, RDI=0x00000001097845b8
R8 =0x000000000007410f, R9 =0xffffffff00000000, R10=0x00000001097845d0, R11=0x0000000000000000
R12=0x00007fc5fd026e00, R13=0x00000000000000b7, R14=0x0000000000007fe8, R15=0x0000000000000000
RIP=0x0000000108ee11c7, EFLAGS=0x0000000000010206, ERR=0x0000000000000004
  TRAPNO=0x000000000000000e

Top of Stack: (sp=0x000070000c818b50)
0x000070000c818b50:   0670268d189c008c 00007fe5f9019d50
0x000070000c818b60:   000070000c819ca0 000070000c818c80
0x000070000c818b70:   00007fe5fc834a50 00007fe5fba03e00
0x000070000c818b80:   0000000000007fd8 00007fe5fca4ce00
0x000070000c818b90:   0000000000000800 000070000c819ca8
0x000070000c818ba0:   000070000c818bd0 0000000108ee1974
0x000070000c818bb0:   00007fe5f9a09d40 0000000000000080
0x000070000c818bc0:   000070000c818c88 000000000000000b
0x000070000c818bd0:   000070000c818c20 000000010931c087
0x000070000c818be0:   000070000c818c10 000070000c819ca8
0x000070000c818bf0:   0000000000000800 00000001093e2dce
0x000070000c818c00:   0000000000000000 0000000000000800
0x000070000c818c10:   000070000c819ca8 0000000108fc38eb
0x000070000c818c20:   000070000c818c40 0000000108f21611
0x000070000c818c30:   00007fe5f9a09d40 000070000c818c88
0x000070000c818c40:   000070000c818c70 0000000108fca6f4
0x000070000c818c50:   0000000000000080 000000000000000b
0x000070000c818c60:   000070000c818c88 00007fe5f9a09b10
0x000070000c818c70:   000070000c818cb0 0000000108fc9f37
0x000070000c818c80:   000000010859a690 00007fe5fca54aa0
0x000070000c818c90:   000070000c818d08 00007fe5fb809000
0x000070000c818ca0:   00007fe5fca54901 00007fe5fca54940
0x000070000c818cb0:   000070000c818ce0 0000000108fc055c
0x000070000c818cc0:   0000000000000000 000070000c818d08
0x000070000c818cd0:   00007fe5fca54940 00007fe5fb809000
0x000070000c818ce0:   000070000c818d40 0000000108fc06ce
0x000070000c818cf0:   000070000c818d10 000000010859a690
0x000070000c818d00:   00007fe5fb809000 000000010859a690
0x000070000c818d10:   00007fe5fb809000 0000000000000000
0x000070000c818d20:   00007fe5fca54940 00000000000000b7
0x000070000c818d30:   000070000c819520 00007fe5f9019d50
0x000070000c818d40:   000070000c818dc0 0000000108f4a97e 

Instructions: (pc=0x0000000108ee11c7)
0x0000000108ee10c7:   00 00 00 4c 8d 3d 8b f6 89 00 41 8b 07 3d ff 00
0x0000000108ee10d7:   00 00 75 14 e8 30 8f 4c 00 41 89 07 41 8b 07 48
0x0000000108ee10e7:   8d 0d 73 f6 89 00 89 01 41 8b 07 83 f8 03 75 21
0x0000000108ee10f7:   48 8d 05 5a f6 89 00 80 38 00 74 15 48 8d 7d c0
0x0000000108ee1107:   be 01 00 00 00 ba 01 00 00 00 e8 62 46 50 00 eb
0x0000000108ee1117:   2c 48 8d 05 81 82 8d 00 8b 48 20 89 4d e0 48 8b
0x0000000108ee1127:   48 18 48 89 4d d8 48 8b 48 10 48 89 4d d0 48 8b
0x0000000108ee1137:   08 48 8b 40 08 48 89 45 c8 48 89 4d c0 48 8d 55
0x0000000108ee1147:   c0 be 0c 00 00 00 48 89 df e8 57 52 52 00 49 89
0x0000000108ee1157:   c7 45 85 f6 75 2f 4d 85 ff 75 2a 48 8d 3d f2 a2
0x0000000108ee1167:   6f 00 4c 8d 05 10 a3 6f 00 45 31 ff be c5 00 00
0x0000000108ee1177:   00 b9 01 00 00 e0 31 c0 48 89 da e8 3f e1 17 00
0x0000000108ee1187:   e8 de 8a 52 00 4c 89 f8 48 83 c4 28 5b 41 5e 41
0x0000000108ee1197:   5f 5d c3 55 48 89 e5 41 57 41 56 41 54 53 48 83
0x0000000108ee11a7:   ec 30 41 89 d7 49 89 f6 48 89 fb 48 8d 7d b8 e8
0x0000000108ee11b7:   e5 20 68 00 48 ff 43 10 4c 8b 23 4d 85 e4 74 19
0x0000000108ee11c7:   49 8b 04 24 48 89 03 48 ff 4b 08 48 8d 7d b8 e8
0x0000000108ee11d7:   1f 21 68 00 e9 c4 00 00 00 48 8d 7d b8 e8 11 21
0x0000000108ee11e7:   68 00 48 8d 1d 6c f5 89 00 8b 03 3d ff 00 00 00
0x0000000108ee11f7:   75 12 e8 12 8e 4c 00 89 03 8b 03 48 8d 0d 57 f5
0x0000000108ee1207:   89 00 89 01 8b 03 83 f8 03 75 1e 48 8d 05 3f f5
0x0000000108ee1217:   89 00 80 38 00 74 12 48 8d 7d b8 31 f6 ba 01 00
0x0000000108ee1227:   00 00 e8 4a 45 50 00 eb 2c 48 8d 05 69 81 8d 00
0x0000000108ee1237:   8b 48 20 89 4d d8 48 8b 48 18 48 89 4d d0 48 8b
0x0000000108ee1247:   48 10 48 89 4d c8 48 8b 08 48 8b 40 08 48 89 45
0x0000000108ee1257:   c0 48 89 4d b8 48 8d 55 b8 be 0c 00 00 00 4c 89
0x0000000108ee1267:   f7 e8 3f 51 52 00 49 89 c4 45 85 ff 75 2f 4d 85
0x0000000108ee1277:   e4 75 2a 48 8d 3d da a1 6f 00 4c 8d 05 06 a2 6f
0x0000000108ee1287:   00 45 31 e4 be 51 00 00 00 b9 01 00 00 e0 31 c0
0x0000000108ee1297:   4c 89 f2 e8 27 e0 17 00 e8 c6 89 52 00 4c 89 e0
0x0000000108ee12a7:   48 83 c4 30 5b 41 5c 41 5e 41 5f 5d c3 55 48 89
0x0000000108ee12b7:   e5 41 56 53 48 83 ec 10 48 89 fb 48 8b 47 08 48 


Stack slot to memory mapping:
stack at sp + 0 slots: 0x0670268d189c008c is an unknown value
stack at sp + 1 slots: 0x00007fe5f9019d50 points into unknown readable memory: 0x00000001097276a0 | a0 76 72 09 01 00 00 00
stack at sp + 2 slots: 0x000070000c819ca0 is pointing into the stack for thread: 0x00007fe5fb809000
stack at sp + 3 slots: 0x000070000c818c80 is pointing into the stack for thread: 0x00007fe5fb809000
stack at sp + 4 slots: 0x00007fe5fc834a50 points into unknown readable memory: 0x00000001097276a0 | a0 76 72 09 01 00 00 00
stack at sp + 5 slots: 0x00007fe5fba03e00 points into unknown readable memory: 0x0000000000000000 | 00 00 00 00 00 00 00 00
stack at sp + 6 slots: 0x0000000000007fd8 is an unknown value
stack at sp + 7 slots: 0x00007fe5fca4ce00 points into unknown readable memory: 0x0000000000000000 | 00 00 00 00 00 00 00 00


---------------  P R O C E S S  ---------------

Threads class SMR info:
_java_thread_list=0x0000600003fb35a0, length=12, elements={
0x00007fe5fa008800, 0x00007fe5fa018000, 0x00007fe5fa01a800, 0x00007fe5fa82a000,
0x00007fe5fc82d800, 0x00007fe5fa021000, 0x00007fe5fb809000, 0x00007fe5f907b800,
0x00007fe5f9051800, 0x00007fe5fe1e7800, 0x00007fe5fd851800, 0x00007fe5fb835000
}

Java Threads: ( => current thread )
  0x00007fe5fa008800 JavaThread "main" [_thread_in_native, id=9731, stack(0x000070000b9f0000,0x000070000baf0000)]
  0x00007fe5fa018000 JavaThread "Reference Handler" daemon [_thread_blocked, id=14339, stack(0x000070000c105000,0x000070000c205000)]
  0x00007fe5fa01a800 JavaThread "Finalizer" daemon [_thread_blocked, id=14595, stack(0x000070000c208000,0x000070000c308000)]
  0x00007fe5fa82a000 JavaThread "Signal Dispatcher" daemon [_thread_blocked, id=16387, stack(0x000070000c411000,0x000070000c511000)]
  0x00007fe5fc82d800 JavaThread "Service Thread" daemon [_thread_blocked, id=22019, stack(0x000070000c514000,0x000070000c614000)]
  0x00007fe5fa021000 JavaThread "C2 CompilerThread0" daemon [_thread_in_native, id=43267, stack(0x000070000c617000,0x000070000c717000)]
=>0x00007fe5fb809000 JavaThread "C1 CompilerThread0" daemon [_thread_in_vm, id=23043, stack(0x000070000c71a000,0x000070000c81a000)]
  0x00007fe5f907b800 JavaThread "Sweeper thread" daemon [_thread_blocked, id=23555, stack(0x000070000c81d000,0x000070000c91d000)]
  0x00007fe5f9051800 JavaThread "Common-Cleaner" daemon [_thread_blocked, id=24579, stack(0x000070000ca23000,0x000070000cb23000)]
  0x00007fe5fe1e7800 JavaThread "pool-1-thread-1" [_thread_blocked, id=41475, stack(0x000070000cc29000,0x000070000cd29000)]
  0x00007fe5fd851800 JavaThread "DisconnectableInputStream source reader" daemon [_thread_in_native, id=25603, stack(0x000070000cd2c000,0x000070000ce2c000)]
  0x00007fe5fb835000 JavaThread "Forward input" [_thread_blocked, id=26371, stack(0x000070000ce2f000,0x000070000cf2f000)]

Other Threads:
  0x00007fe5fd00a800 VMThread "VM Thread" [stack: 0x000070000c002000,0x000070000c102000] [id=19459]
  0x00007fe5fa829000 WatcherThread [stack: 0x000070000c920000,0x000070000ca20000] [id=23811]
  0x00007fe5f9025800 GCTaskThread "GC Thread#0" [stack: 0x000070000baf3000,0x000070000bbf3000] [id=12291]
  0x00007fe5fa0cc800 GCTaskThread "GC Thread#1" [stack: 0x000070000cb26000,0x000070000cc26000] [id=41987]
  0x00007fe5f9029000 ConcurrentGCThread "G1 Main Marker" [stack: 0x000070000bbf6000,0x000070000bcf6000] [id=21507]
  0x00007fe5fb808800 ConcurrentGCThread "G1 Conc#0" [stack: 0x000070000bcf9000,0x000070000bdf9000] [id=12803]
  0x00007fe5f9049800 ConcurrentGCThread "G1 Refine#0" [stack: 0x000070000bdfc000,0x000070000befc000] [id=13315]
  0x00007fe5f904a800 ConcurrentGCThread "G1 Young RemSet Sampling" [stack: 0x000070000beff000,0x000070000bfff000] [id=13571]

Threads with active compile tasks:
C2 CompilerThread0  16939 1268       4       java.util.HashMap::resize (356 bytes)
C1 CompilerThread0  16939 1262   !   3       org.gradle.internal.dispatch.ReflectionDispatch::dispatch (42 bytes)

VM state:not at safepoint (normal execution)

VM Mutex/Monitor currently owned by a thread: None

Heap address: 0x00000007fc000000, size: 64 MB, Compressed Oops mode: Zero based, Oop shift amount: 3
Narrow klass base: 0x0000000800000000, Narrow klass shift: 0
Compressed class space size: 1073741824 Address: 0x0000000800000000

Heap:
 garbage-first heap   total 65536K, used 28621K [0x00000007fc000000, 0x0000000800000000)
  region size 1024K, 23 young (23552K), 3 survivors (3072K)
 Metaspace       used 15475K, capacity 15773K, committed 16000K, reserved 1062912K
  class space    used 1789K, capacity 1895K, committed 1920K, reserved 1048576K
Heap Regions: E=young(eden), S=young(survivor), O=old, HS=humongous(starts), HC=humongous(continues), CS=collection set, F=free, A=archive, TAMS=top-at-mark-start (previous, next)
|   0|0x00000007fc000000, 0x00000007fc000000, 0x00000007fc100000|  0%| F|  |TAMS 0x00000007fc000000, 0x00000007fc000000| Untracked 
|   1|0x00000007fc100000, 0x00000007fc100000, 0x00000007fc200000|  0%| F|  |TAMS 0x00000007fc100000, 0x00000007fc100000| Untracked 
|   2|0x00000007fc200000, 0x00000007fc200000, 0x00000007fc300000|  0%| F|  |TAMS 0x00000007fc200000, 0x00000007fc200000| Untracked 
|   3|0x00000007fc300000, 0x00000007fc400000, 0x00000007fc400000|100%|HS|  |TAMS 0x00000007fc300000, 0x00000007fc300000| Complete 
|   4|0x00000007fc400000, 0x00000007fc500000, 0x00000007fc500000|100%|HC|  |TAMS 0x00000007fc400000, 0x00000007fc400000| Complete 
|   5|0x00000007fc500000, 0x00000007fc600000, 0x00000007fc600000|100%|HC|  |TAMS 0x00000007fc500000, 0x00000007fc500000| Complete 
|   6|0x00000007fc600000, 0x00000007fc700000, 0x00000007fc700000|100%| O|  |TAMS 0x00000007fc600000, 0x00000007fc600000| Untracked 
|   7|0x00000007fc700000, 0x00000007fc800000, 0x00000007fc800000|100%| O|  |TAMS 0x00000007fc700000, 0x00000007fc700000| Untracked 
|   8|0x00000007fc800000, 0x00000007fc8f3600, 0x00000007fc900000| 95%| O|  |TAMS 0x00000007fc800000, 0x00000007fc800000| Untracked 
|   9|0x00000007fc900000, 0x00000007fc900000, 0x00000007fca00000|  0%| F|  |TAMS 0x00000007fc900000, 0x00000007fc900000| Untracked 
|  10|0x00000007fca00000, 0x00000007fca00000, 0x00000007fcb00000|  0%| F|  |TAMS 0x00000007fca00000, 0x00000007fca00000| Untracked 
|  11|0x00000007fcb00000, 0x00000007fcb00000, 0x00000007fcc00000|  0%| F|  |TAMS 0x00000007fcb00000, 0x00000007fcb00000| Untracked 
|  12|0x00000007fcc00000, 0x00000007fcc00000, 0x00000007fcd00000|  0%| F|  |TAMS 0x00000007fcc00000, 0x00000007fcc00000| Untracked 
|  13|0x00000007fcd00000, 0x00000007fcd00000, 0x00000007fce00000|  0%| F|  |TAMS 0x00000007fcd00000, 0x00000007fcd00000| Untracked 
|  14|0x00000007fce00000, 0x00000007fce00000, 0x00000007fcf00000|  0%| F|  |TAMS 0x00000007fce00000, 0x00000007fce00000| Untracked 
|  15|0x00000007fcf00000, 0x00000007fcf00000, 0x00000007fd000000|  0%| F|  |TAMS 0x00000007fcf00000, 0x00000007fcf00000| Untracked 
|  16|0x00000007fd000000, 0x00000007fd000000, 0x00000007fd100000|  0%| F|  |TAMS 0x00000007fd000000, 0x00000007fd000000| Untracked 
|  17|0x00000007fd100000, 0x00000007fd100000, 0x00000007fd200000|  0%| F|  |TAMS 0x00000007fd100000, 0x00000007fd100000| Untracked 
|  18|0x00000007fd200000, 0x00000007fd200000, 0x00000007fd300000|  0%| F|  |TAMS 0x00000007fd200000, 0x00000007fd200000| Untracked 
|  19|0x00000007fd300000, 0x00000007fd300000, 0x00000007fd400000|  0%| F|  |TAMS 0x00000007fd300000, 0x00000007fd300000| Untracked 
|  20|0x00000007fd400000, 0x00000007fd400000, 0x00000007fd500000|  0%| F|  |TAMS 0x00000007fd400000, 0x00000007fd400000| Untracked 
|  21|0x00000007fd500000, 0x00000007fd500000, 0x00000007fd600000|  0%| F|  |TAMS 0x00000007fd500000, 0x00000007fd500000| Untracked 
|  22|0x00000007fd600000, 0x00000007fd600000, 0x00000007fd700000|  0%| F|  |TAMS 0x00000007fd600000, 0x00000007fd600000| Untracked 
|  23|0x00000007fd700000, 0x00000007fd700000, 0x00000007fd800000|  0%| F|  |TAMS 0x00000007fd700000, 0x00000007fd700000| Untracked 
|  24|0x00000007fd800000, 0x00000007fd800000, 0x00000007fd900000|  0%| F|  |TAMS 0x00000007fd800000, 0x00000007fd800000| Untracked 
|  25|0x00000007fd900000, 0x00000007fd900000, 0x00000007fda00000|  0%| F|  |TAMS 0x00000007fd900000, 0x00000007fd900000| Untracked 
|  26|0x00000007fda00000, 0x00000007fda00000, 0x00000007fdb00000|  0%| F|  |TAMS 0x00000007fda00000, 0x00000007fda00000| Untracked 
|  27|0x00000007fdb00000, 0x00000007fdb00000, 0x00000007fdc00000|  0%| F|  |TAMS 0x00000007fdb00000, 0x00000007fdb00000| Untracked 
|  28|0x00000007fdc00000, 0x00000007fdc00000, 0x00000007fdd00000|  0%| F|  |TAMS 0x00000007fdc00000, 0x00000007fdc00000| Untracked 
|  29|0x00000007fdd00000, 0x00000007fdd00000, 0x00000007fde00000|  0%| F|  |TAMS 0x00000007fdd00000, 0x00000007fdd00000| Untracked 
|  30|0x00000007fde00000, 0x00000007fde00000, 0x00000007fdf00000|  0%| F|  |TAMS 0x00000007fde00000, 0x00000007fde00000| Untracked 
|  31|0x00000007fdf00000, 0x00000007fdf00000, 0x00000007fe000000|  0%| F|  |TAMS 0x00000007fdf00000, 0x00000007fdf00000| Untracked 
|  32|0x00000007fe000000, 0x00000007fe000000, 0x00000007fe100000|  0%| F|  |TAMS 0x00000007fe000000, 0x00000007fe000000| Untracked 
|  33|0x00000007fe100000, 0x00000007fe100000, 0x00000007fe200000|  0%| F|  |TAMS 0x00000007fe100000, 0x00000007fe100000| Untracked 
|  34|0x00000007fe200000, 0x00000007fe200000, 0x00000007fe300000|  0%| F|  |TAMS 0x00000007fe200000, 0x00000007fe200000| Untracked 
|  35|0x00000007fe300000, 0x00000007fe300000, 0x00000007fe400000|  0%| F|  |TAMS 0x00000007fe300000, 0x00000007fe300000| Untracked 
|  36|0x00000007fe400000, 0x00000007fe400000, 0x00000007fe500000|  0%| F|  |TAMS 0x00000007fe400000, 0x00000007fe400000| Untracked 
|  37|0x00000007fe500000, 0x00000007fe600000, 0x00000007fe600000|100%| S|CS|TAMS 0x00000007fe500000, 0x00000007fe500000| Complete 
|  38|0x00000007fe600000, 0x00000007fe700000, 0x00000007fe700000|100%| S|CS|TAMS 0x00000007fe600000, 0x00000007fe600000| Complete 
|  39|0x00000007fe700000, 0x00000007fe800000, 0x00000007fe800000|100%| S|CS|TAMS 0x00000007fe700000, 0x00000007fe700000| Complete 
|  40|0x00000007fe800000, 0x00000007fe800000, 0x00000007fe900000|  0%| F|  |TAMS 0x00000007fe800000, 0x00000007fe800000| Untracked 
|  41|0x00000007fe900000, 0x00000007fe900000, 0x00000007fea00000|  0%| F|  |TAMS 0x00000007fe900000, 0x00000007fe900000| Untracked 
|  42|0x00000007fea00000, 0x00000007fea00000, 0x00000007feb00000|  0%| F|  |TAMS 0x00000007fea00000, 0x00000007fea00000| Untracked 
|  43|0x00000007feb00000, 0x00000007feb00000, 0x00000007fec00000|  0%| F|  |TAMS 0x00000007feb00000, 0x00000007feb00000| Untracked 
|  44|0x00000007fec00000, 0x00000007fec85a78, 0x00000007fed00000| 52%| E|  |TAMS 0x00000007fec00000, 0x00000007fec00000| Complete 
|  45|0x00000007fed00000, 0x00000007fee00000, 0x00000007fee00000|100%| E|CS|TAMS 0x00000007fed00000, 0x00000007fed00000| Complete 
|  46|0x00000007fee00000, 0x00000007fef00000, 0x00000007fef00000|100%| E|CS|TAMS 0x00000007fee00000, 0x00000007fee00000| Complete 
|  47|0x00000007fef00000, 0x00000007ff000000, 0x00000007ff000000|100%| E|CS|TAMS 0x00000007fef00000, 0x00000007fef00000| Complete 
|  48|0x00000007ff000000, 0x00000007ff100000, 0x00000007ff100000|100%| E|CS|TAMS 0x00000007ff000000, 0x00000007ff000000| Complete 
|  49|0x00000007ff100000, 0x00000007ff200000, 0x00000007ff200000|100%| E|CS|TAMS 0x00000007ff100000, 0x00000007ff100000| Complete 
|  50|0x00000007ff200000, 0x00000007ff300000, 0x00000007ff300000|100%| E|CS|TAMS 0x00000007ff200000, 0x00000007ff200000| Complete 
|  51|0x00000007ff300000, 0x00000007ff400000, 0x00000007ff400000|100%| E|CS|TAMS 0x00000007ff300000, 0x00000007ff300000| Complete 
|  52|0x00000007ff400000, 0x00000007ff500000, 0x00000007ff500000|100%| E|CS|TAMS 0x00000007ff400000, 0x00000007ff400000| Complete 
|  53|0x00000007ff500000, 0x00000007ff600000, 0x00000007ff600000|100%| E|CS|TAMS 0x00000007ff500000, 0x00000007ff500000| Complete 
|  54|0x00000007ff600000, 0x00000007ff700000, 0x00000007ff700000|100%| E|CS|TAMS 0x00000007ff600000, 0x00000007ff600000| Complete 
|  55|0x00000007ff700000, 0x00000007ff800000, 0x00000007ff800000|100%| E|CS|TAMS 0x00000007ff700000, 0x00000007ff700000| Complete 
|  56|0x00000007ff800000, 0x00000007ff900000, 0x00000007ff900000|100%| E|CS|TAMS 0x00000007ff800000, 0x00000007ff800000| Complete 
|  57|0x00000007ff900000, 0x00000007ffa00000, 0x00000007ffa00000|100%| E|CS|TAMS 0x00000007ff900000, 0x00000007ff900000| Complete 
|  58|0x00000007ffa00000, 0x00000007ffb00000, 0x00000007ffb00000|100%| E|CS|TAMS 0x00000007ffa00000, 0x00000007ffa00000| Complete 
|  59|0x00000007ffb00000, 0x00000007ffc00000, 0x00000007ffc00000|100%| E|CS|TAMS 0x00000007ffb00000, 0x00000007ffb00000| Complete 
|  60|0x00000007ffc00000, 0x00000007ffd00000, 0x00000007ffd00000|100%| E|CS|TAMS 0x00000007ffc00000, 0x00000007ffc00000| Complete 
|  61|0x00000007ffd00000, 0x00000007ffe00000, 0x00000007ffe00000|100%| E|CS|TAMS 0x00000007ffd00000, 0x00000007ffd00000| Complete 
|  62|0x00000007ffe00000, 0x00000007fff00000, 0x00000007fff00000|100%| E|CS|TAMS 0x00000007ffe00000, 0x00000007ffe00000| Complete 
|  63|0x00000007fff00000, 0x0000000800000000, 0x0000000800000000|100%| E|CS|TAMS 0x00000007fff00000, 0x00000007fff00000| Complete 

Card table byte_map: [0x0000000108304000,0x0000000108324000] _byte_map_base: 0x0000000104324000

Marking Bits (Prev, Next): (CMBitMap*) 0x00007fe5f9028218, (CMBitMap*) 0x00007fe5f9028250
 Prev Bits: [0x0000000108344000, 0x0000000108444000)
 Next Bits: [0x0000000108444000, 0x0000000108544000)

Polling page: 0x000000010802d000

Metaspace:

Usage:
  Non-class:     13.55 MB capacity,    13.37 MB ( 99%) used,   171.14 KB (  1%) free+waste,    21.00 KB ( <1%) overhead. 
      Class:      1.85 MB capacity,     1.75 MB ( 94%) used,    95.47 KB (  5%) free+waste,    10.06 KB ( <1%) overhead. 
       Both:     15.40 MB capacity,    15.11 MB ( 98%) used,   266.61 KB (  2%) free+waste,    31.06 KB ( <1%) overhead. 

Virtual space:
  Non-class space:       14.00 MB reserved,      13.75 MB ( 98%) committed 
      Class space:        1.00 GB reserved,       1.88 MB ( <1%) committed 
             Both:        1.01 GB reserved,      15.62 MB (  2%) committed 

Chunk freelists:
   Non-Class:  98.00 KB
       Class:  25.00 KB
        Both:  123.00 KB

MaxMetaspaceSize: unlimited
CompressedClassSpaceSize: 1.00 GB

CodeHeap 'non-profiled nmethods': size=120032Kb used=379Kb max_used=379Kb free=119652Kb
 bounds [0x000000011d5fc000, 0x000000011d86c000, 0x0000000124b34000]
CodeHeap 'profiled nmethods': size=120028Kb used=2360Kb max_used=2360Kb free=117667Kb
 bounds [0x00000001160c5000, 0x0000000116335000, 0x000000011d5fc000]
CodeHeap 'non-nmethods': size=5700Kb used=1087Kb max_used=1099Kb free=4612Kb
 bounds [0x0000000115b34000, 0x0000000115da4000, 0x00000001160c5000]
 total_blobs=1672 nmethods=1264 adapters=321
 compilation: enabled
              stopped_count=0, restarted_count=0
 full_count=0

Compilation events (20 events):
Event: 16.859 Thread 0x00007fe5fb809000 1267       3       org.gradle.internal.logging.sink.GroupingProgressLogEventGenerator::onOutput (108 bytes)
Event: 16.859 Thread 0x00007fe5fa021000 1268       4       java.util.HashMap::resize (356 bytes)
Event: 16.859 Thread 0x00007fe5fb809000 nmethod 1267 0x0000000116308990 code [0x0000000116308c60, 0x0000000116309e40]
Event: 16.859 Thread 0x00007fe5fb809000 1266       3       java.util.HashSet::remove (20 bytes)
Event: 16.860 Thread 0x00007fe5fb809000 nmethod 1266 0x000000011630a110 code [0x000000011630a300, 0x000000011630a7b0]
Event: 16.860 Thread 0x00007fe5fb809000 1269       3       com.google.common.collect.AbstractIterator::hasNext (65 bytes)
Event: 16.860 Thread 0x00007fe5fb809000 nmethod 1269 0x000000011630a990 code [0x000000011630ab80, 0x000000011630af70]
Event: 16.860 Thread 0x00007fe5fb809000 1270       3       com.google.common.base.Preconditions::checkState (13 bytes)
Event: 16.861 Thread 0x00007fe5fb809000 nmethod 1270 0x000000011630b110 code [0x000000011630b2e0, 0x000000011630b4c0]
Event: 16.861 Thread 0x00007fe5fb809000 1263   !   3       org.gradle.internal.remote.internal.inet.SocketConnection::receive (142 bytes)
Event: 16.865 Thread 0x00007fe5fb809000 nmethod 1263 0x000000011630b590 code [0x000000011630bbe0, 0x000000011630f620]
Event: 16.865 Thread 0x00007fe5fb809000 1258       3       org.gradle.internal.event.BroadcastDispatch$SingletonDispatch::dispatch (9 bytes)
Event: 16.865 Thread 0x00007fe5fb809000 nmethod 1258 0x0000000116310a10 code [0x0000000116310be0, 0x0000000116310f00]
Event: 16.865 Thread 0x00007fe5fb809000 1259       3       org.gradle.internal.event.BroadcastDispatch$SingletonDispatch::dispatch (10 bytes)
Event: 16.866 Thread 0x00007fe5fb809000 nmethod 1259 0x0000000116311010 code [0x00000001163111c0, 0x0000000116311380]
Event: 16.866 Thread 0x00007fe5fb809000 1260   !   3       org.gradle.internal.event.AbstractBroadcastDispatch::dispatch (74 bytes)
Event: 16.867 Thread 0x00007fe5fb809000 nmethod 1260 0x0000000116311410 code [0x0000000116311700, 0x00000001163126c0]
Event: 16.867 Thread 0x00007fe5fb809000 1261       3       org.gradle.internal.dispatch.ReflectionDispatch::dispatch (9 bytes)
Event: 16.867 Thread 0x00007fe5fb809000 nmethod 1261 0x0000000116312c90 code [0x0000000116312e60, 0x0000000116313080]
Event: 16.867 Thread 0x00007fe5fb809000 1262   !   3       org.gradle.internal.dispatch.ReflectionDispatch::dispatch (42 bytes)

GC Heap History (2 events):
Event: 1.951 GC heap before
{Heap before GC invocations=0 (full 0):
 garbage-first heap   total 65536K, used 29696K [0x00000007fc000000, 0x0000000800000000)
  region size 1024K, 24 young (24576K), 0 survivors (0K)
 Metaspace       used 10464K, capacity 10660K, committed 11008K, reserved 1058816K
  class space    used 1080K, capacity 1167K, committed 1280K, reserved 1048576K
}
Event: 1.960 GC heap after
{Heap after GC invocations=1 (full 0):
 garbage-first heap   total 65536K, used 9165K [0x00000007fc000000, 0x0000000800000000)
  region size 1024K, 3 young (3072K), 3 survivors (3072K)
 Metaspace       used 10464K, capacity 10660K, committed 11008K, reserved 1058816K
  class space    used 1080K, capacity 1167K, committed 1280K, reserved 1048576K
}

Deoptimization events (20 events):
Event: 1.771 Thread 0x00007fe5fa008800 Uncommon trap: trap_request=0xffffff4d fr.pc=0x000000011d635f8c relative=0x000000000000024c
Event: 1.771 Thread 0x00007fe5fa008800 Uncommon trap: reason=unstable_if action=reinterpret pc=0x000000011d635f8c method=java.util.HashMap.hash(Ljava/lang/Object;)I @ 1 c2
Event: 1.771 Thread 0x00007fe5fa008800 DEOPT PACKING pc=0x000000011d635f8c sp=0x000070000baee150
Event: 1.771 Thread 0x00007fe5fa008800 DEOPT UNPACKING pc=0x0000000115b59925 sp=0x000070000baee0a8 mode 2
Event: 1.916 Thread 0x00007fe5fa008800 Uncommon trap: trap_request=0xffffff4d fr.pc=0x000000011d604394 relative=0x0000000000000074
Event: 1.916 Thread 0x00007fe5fa008800 Uncommon trap: reason=unstable_if action=reinterpret pc=0x000000011d604394 method=java.lang.String.isLatin1()Z @ 10 c2
Event: 1.916 Thread 0x00007fe5fa008800 DEOPT PACKING pc=0x000000011d604394 sp=0x000070000baedb20
Event: 1.916 Thread 0x00007fe5fa008800 DEOPT UNPACKING pc=0x0000000115b59925 sp=0x000070000baeda80 mode 2
Event: 2.131 Thread 0x00007fe5fa008800 DEOPT PACKING pc=0x0000000116171e6d sp=0x000070000bae79f0
Event: 2.131 Thread 0x00007fe5fa008800 DEOPT UNPACKING pc=0x0000000115b5a0ca sp=0x000070000bae6e70 mode 0
Event: 2.269 Thread 0x00007fe5fa008800 DEOPT PACKING pc=0x00000001161403a0 sp=0x000070000baea6e0
Event: 2.269 Thread 0x00007fe5fa008800 DEOPT UNPACKING pc=0x0000000115b5a0ca sp=0x000070000bae9c18 mode 0
Event: 2.753 Thread 0x00007fe5fa008800 Uncommon trap: trap_request=0xffffff4d fr.pc=0x000000011d633444 relative=0x0000000000000204
Event: 2.753 Thread 0x00007fe5fa008800 Uncommon trap: reason=unstable_if action=reinterpret pc=0x000000011d633444 method=java.util.HashMap.getNode(ILjava/lang/Object;)Ljava/util/HashMap$Node; @ 129 c2
Event: 2.753 Thread 0x00007fe5fa008800 DEOPT PACKING pc=0x000000011d633444 sp=0x000070000baebe40
Event: 2.753 Thread 0x00007fe5fa008800 DEOPT UNPACKING pc=0x0000000115b59925 sp=0x000070000baebdd0 mode 2
Event: 2.753 Thread 0x00007fe5fa008800 Uncommon trap: trap_request=0xffffff4d fr.pc=0x000000011d634aac relative=0x0000000000000f8c
Event: 2.753 Thread 0x00007fe5fa008800 Uncommon trap: reason=unstable_if action=reinterpret pc=0x000000011d634aac method=java.util.HashMap.putVal(ILjava/lang/Object;Ljava/lang/Object;ZZ)Ljava/lang/Object; @ 206 c2
Event: 2.753 Thread 0x00007fe5fa008800 DEOPT PACKING pc=0x000000011d634aac sp=0x000070000baebde0
Event: 2.753 Thread 0x00007fe5fa008800 DEOPT UNPACKING pc=0x0000000115b59925 sp=0x000070000baebd88 mode 2

Classes redefined (0 events):
No events

Internal exceptions (10 events):
Event: 0.502 Thread 0x00007fe5fa008800 Exception <a 'java/lang/NoSuchMethodError'{0x00000007ffc50348}: 'int java.lang.invoke.DirectMethodHandle$Holder.invokeStaticInit(java.lang.Object, java.lang.Object)'> (0x00000007ffc50348) thrown at [./src/hotspot/share/interpreter/linkResolver.cpp, line 773]
Event: 0.541 Thread 0x00007fe5fa008800 Exception <a 'java/lang/NoSuchMethodError'{0x00000007ffb3e640}: 'int java.lang.invoke.DirectMethodHandle$Holder.invokeSpecial(java.lang.Object, java.lang.Object, java.lang.Object, java.lang.Object)'> (0x00000007ffb3e640) thrown at [./src/hotspot/share/interpreter/linkResolver.cpp, line 773]
Event: 0.574 Thread 0x00007fe5fa008800 Exception <a 'java/lang/NoSuchMethodError'{0x00000007ffb7c9a0}: 'int java.lang.invoke.DirectMethodHandle$Holder.invokeSpecialIFC(java.lang.Object, java.lang.Object, int)'> (0x00000007ffb7c9a0) thrown at [./src/hotspot/share/interpreter/linkResolver.cpp, line 773]
Event: 1.771 Thread 0x00007fe5fa008800 Implicit null exception at 0x000000011d635d75 to 0x000000011d635f7c
Event: 1.926 Thread 0x00007fe5fa008800 Exception <a 'java/lang/NoClassDefFoundError'{0x00000007fe8894e8}: org/slf4j/impl/StaticMarkerBinder> (0x00000007fe8894e8) thrown at [./src/hotspot/share/classfile/systemDictionary.cpp, line 220]
Event: 2.010 Thread 0x00007fe5fa008800 Exception <a 'java/lang/NoSuchMethodError'{0x00000007fffc88c0}: 'java.lang.Object java.lang.invoke.DirectMethodHandle$Holder.invokeVirtual(java.lang.Object, java.lang.Object, java.lang.Object, java.lang.Object, java.lang.Object, java.lang.Object, java.lang.Object)'> (0x00000007fffc88c0) thrown at [./src/hotspot/share/interpreter/linkResolver.cpp, line 773]
Event: 2.013 Thread 0x00007fe5fa008800 Exception <a 'java/lang/NoSuchMethodError'{0x00000007fffdcb08}: 'java.lang.Object java.lang.invoke.Invokers$Holder.invoker(java.lang.Object, java.lang.Object, java.lang.Object)'> (0x00000007fffdcb08) thrown at [./src/hotspot/share/interpreter/linkResolver.cpp, line 773]
Event: 2.017 Thread 0x00007fe5fa008800 Exception <a 'java/lang/NoSuchMethodError'{0x00000007fffed720}: 'void java.lang.invoke.DelegatingMethodHandle$Holder.delegate(java.lang.Object, java.lang.Object, int, java.lang.Object)'> (0x00000007fffed720) thrown at [./src/hotspot/share/interpreter/linkResolver.cpp, line 773]
Event: 2.471 Thread 0x00007fe5fa008800 Exception <a 'java/lang/NoSuchMethodError'{0x00000007ff7fd550}: 'java.lang.Object java.lang.invoke.DirectMethodHandle$Holder.invokeInterface(java.lang.Object, java.lang.Object, java.lang.Object)'> (0x00000007ff7fd550) thrown at [./src/hotspot/share/interpreter/linkResolver.cpp, line 773]
Event: 2.551 Thread 0x00007fe5fa008800 Exception <a 'java/lang/NoSuchMethodError'{0x00000007ff466c60}: 'java.lang.Object java.lang.invoke.DirectMethodHandle$Holder.invokeStaticInit(java.lang.Object, java.lang.Object, java.lang.Object)'> (0x00000007ff466c60) thrown at [./src/hotspot/share/interpreter/linkResolver.cpp, line 773]

Events (20 events):
Event: 9.848 loading class jdk/internal/reflect/ClassDefiner
Event: 9.848 loading class jdk/internal/reflect/ClassDefiner done
Event: 9.848 loading class jdk/internal/reflect/ClassDefiner$1
Event: 9.848 loading class jdk/internal/reflect/ClassDefiner$1 done
Event: 10.056 loading class org/fusesource/jansi/Ansi$Color
Event: 10.056 loading class org/fusesource/jansi/Ansi$Color done
Event: 10.057 loading class org/gradle/internal/logging/console/DefaultColorMap$ForegroundColor
Event: 10.057 loading class org/gradle/internal/logging/console/DefaultColorMap$ForegroundColor done
Event: 10.057 loading class org/gradle/internal/logging/console/DefaultColorMap$CompositeColor
Event: 10.057 loading class org/gradle/internal/logging/console/DefaultColorMap$CompositeColor done
Event: 10.058 loading class com/google/common/collect/Lists$ReverseList
Event: 10.058 loading class com/google/common/collect/Lists$ReverseList done
Event: 10.058 loading class com/google/common/collect/Lists$RandomAccessReverseList
Event: 10.058 loading class com/google/common/collect/Lists$RandomAccessReverseList done
Event: 10.059 loading class java/util/ArrayList$ListItr
Event: 10.059 loading class java/util/ArrayList$ListItr done
Event: 10.059 Executing VM operation: Deoptimize
Event: 10.059 Executing VM operation: Deoptimize done
Event: 10.059 loading class com/google/common/collect/Lists$ReverseList$1
Event: 10.059 loading class com/google/common/collect/Lists$ReverseList$1 done


Dynamic libraries:
0x000000010802f000 	/Library/Java/JavaVirtualMachines/adoptopenjdk-11.jdk/Contents/Home/lib/jli/libjli.dylib
0x00007ff82e0c2000 	/System/Library/Frameworks/Cocoa.framework/Versions/A/Cocoa
0x00007ff819d15000 	/System/Library/Frameworks/AppKit.framework/Versions/C/AppKit
0x00007ff81d22c000 	/System/Library/Frameworks/CoreData.framework/Versions/A/CoreData
0x00007ff818118000 	/System/Library/Frameworks/Foundation.framework/Versions/C/Foundation
0x00007ff82204f000 	/usr/lib/libSystem.B.dylib
0x00007ff81aba5000 	/System/Library/PrivateFrameworks/UIFoundation.framework/Versions/A/UIFoundation
0x00007ff827fc3000 	/System/Library/PrivateFrameworks/RemoteViewServices.framework/Versions/A/RemoteViewServices
0x00007ff8202a3000 	/System/Library/PrivateFrameworks/XCTTargetBootstrap.framework/Versions/A/XCTTargetBootstrap
0x00007ff823e59000 	/System/Library/PrivateFrameworks/InternationalSupport.framework/Versions/A/InternationalSupport
0x00007ff823ee3000 	/System/Library/PrivateFrameworks/UserActivity.framework/Versions/A/UserActivity
0x00007ff823236000 	/usr/lib/libspindump.dylib
0x00007ff81ae34000 	/System/Library/Frameworks/UniformTypeIdentifiers.framework/Versions/A/UniformTypeIdentifiers
0x00007ff81e9c7000 	/usr/lib/libapp_launch_measurement.dylib
0x00007ff81dbfe000 	/System/Library/PrivateFrameworks/CoreAnalytics.framework/Versions/A/CoreAnalytics
0x00007ff81e9ca000 	/System/Library/PrivateFrameworks/CoreAutoLayout.framework/Versions/A/CoreAutoLayout
0x00007ff81fbfa000 	/System/Library/Frameworks/Metal.framework/Versions/A/Metal
0x00007ff820929000 	/usr/lib/liblangid.dylib
0x00007ff8202a8000 	/System/Library/PrivateFrameworks/CoreSVG.framework/Versions/A/CoreSVG
0x00007ff81c220000 	/System/Library/PrivateFrameworks/SkyLight.framework/Versions/A/SkyLight
0x00007ff81c5bf000 	/System/Library/Frameworks/CoreGraphics.framework/Versions/A/CoreGraphics
0x00007ff828683000 	/System/Library/Frameworks/Accelerate.framework/Versions/A/Accelerate
0x00007ff822cb5000 	/System/Library/PrivateFrameworks/IconServices.framework/Versions/A/IconServices
0x00007ff81fbdf000 	/System/Library/Frameworks/IOSurface.framework/Versions/A/IOSurface
0x00007ff81dc2c000 	/usr/lib/libDiagnosticMessagesClient.dylib
0x00007ff821f6f000 	/usr/lib/libz.1.dylib
0x00007ff82bd66000 	/System/Library/Frameworks/ApplicationServices.framework/Versions/A/ApplicationServices
0x00007ff82028f000 	/System/Library/PrivateFrameworks/DFRFoundation.framework/Versions/A/DFRFoundation
0x00007ff8195fd000 	/usr/lib/libicucore.A.dylib
0x00007ff824c4f000 	/System/Library/Frameworks/AudioToolbox.framework/Versions/A/AudioToolbox
0x00007ff823e65000 	/System/Library/PrivateFrameworks/DataDetectorsCore.framework/Versions/A/DataDetectorsCore
0x00007ff920363000 	/System/Library/PrivateFrameworks/TextInput.framework/Versions/A/TextInput
0x00007ff81c1a3000 	/usr/lib/libMobileGestalt.dylib
0x00007ff81ff9b000 	/System/Library/Frameworks/Carbon.framework/Versions/A/Frameworks/HIToolbox.framework/Versions/A/HIToolbox
0x00007ff81e3c9000 	/System/Library/Frameworks/QuartzCore.framework/Versions/A/QuartzCore
0x00007ff8192a2000 	/System/Library/Frameworks/Security.framework/Versions/A/Security
0x00007ff827ffb000 	/System/Library/Frameworks/Carbon.framework/Versions/A/Frameworks/SpeechRecognition.framework/Versions/A/SpeechRecognition
0x00007ff81e727000 	/System/Library/PrivateFrameworks/CoreUI.framework/Versions/A/CoreUI
0x00007ff818b6c000 	/System/Library/Frameworks/CoreAudio.framework/Versions/A/CoreAudio
0x00007ff81dd1b000 	/System/Library/Frameworks/DiskArbitration.framework/Versions/A/DiskArbitration
0x00007ff823625000 	/System/Library/PrivateFrameworks/MultitouchSupport.framework/Versions/A/MultitouchSupport
0x00007ff81c1a2000 	/usr/lib/libenergytrace.dylib
0x00007ff819c01000 	/System/Library/Frameworks/IOKit.framework/Versions/A/IOKit
0x00007ff8283eb000 	/System/Library/Frameworks/CoreServices.framework/Versions/A/CoreServices
0x00007ff81e961000 	/System/Library/PrivateFrameworks/PerformanceAnalysis.framework/Versions/A/PerformanceAnalysis
0x00007ffa30041000 	/System/Library/Frameworks/OpenGL.framework/Versions/A/OpenGL
0x00007ff82158b000 	/System/Library/PrivateFrameworks/MobileKeyBag.framework/Versions/A/MobileKeyBag
0x00007ff8170e2000 	/usr/lib/libobjc.A.dylib
0x00007ff81cc8b000 	/System/Library/Frameworks/ColorSync.framework/Versions/A/ColorSync
0x00007ff81729c000 	/System/Library/Frameworks/CoreFoundation.framework/Versions/A/CoreFoundation
0x00007ff82051f000 	/System/Library/Frameworks/CoreImage.framework/Versions/A/CoreImage
0x00007ff818980000 	/System/Library/Frameworks/CoreText.framework/Versions/A/CoreText
0x00007ff8202d8000 	/System/Library/Frameworks/ImageIO.framework/Versions/A/ImageIO
0x00007ff822055000 	/System/Library/PrivateFrameworks/SoftLinking.framework/Versions/A/SoftLinking
0x00007ff81ea12000 	/usr/lib/libxml2.2.dylib
0x00007ff8171a8000 	/usr/lib/libc++.1.dylib
0x00007ff8222d9000 	/usr/lib/libcompression.dylib
0x00007ff823d8c000 	/System/Library/PrivateFrameworks/TextureIO.framework/Versions/A/TextureIO
0x00007ff8229c7000 	/usr/lib/libate.dylib
0x00007ff82204a000 	/usr/lib/system/libcache.dylib
0x00007ff822006000 	/usr/lib/system/libcommonCrypto.dylib
0x00007ff82202f000 	/usr/lib/system/libcompiler_rt.dylib
0x00007ff822025000 	/usr/lib/system/libcopyfile.dylib
0x00007ff816fdd000 	/usr/lib/system/libcorecrypto.dylib
0x00007ff81709b000 	/usr/lib/system/libdispatch.dylib
0x00007ff81725b000 	/usr/lib/system/libdyld.dylib
0x00007ff822041000 	/usr/lib/system/libkeymgr.dylib
0x00007ff821fe4000 	/usr/lib/system/libmacho.dylib
0x00007ff821665000 	/usr/lib/system/libquarantine.dylib
0x00007ff82203f000 	/usr/lib/system/libremovefile.dylib
0x00007ff81c1f0000 	/usr/lib/system/libsystem_asl.dylib
0x00007ff816f86000 	/usr/lib/system/libsystem_blocks.dylib
0x00007ff81711f000 	/usr/lib/system/libsystem_c.dylib
0x00007ff822037000 	/usr/lib/system/libsystem_collections.dylib
0x00007ff820919000 	/usr/lib/system/libsystem_configuration.dylib
0x00007ff81fbc2000 	/usr/lib/system/libsystem_containermanager.dylib
0x00007ff821d1c000 	/usr/lib/system/libsystem_coreservices.dylib
0x00007ff819891000 	/usr/lib/system/libsystem_darwin.dylib
0x00007ff822042000 	/usr/lib/system/libsystem_dnssd.dylib
0x00007ff81711c000 	/usr/lib/system/libsystem_featureflags.dylib
0x00007ff817271000 	/usr/lib/system/libsystem_info.dylib
0x00007ff821f82000 	/usr/lib/system/libsystem_m.dylib
0x00007ff81706f000 	/usr/lib/system/libsystem_malloc.dylib
0x00007ff81c18b000 	/usr/lib/system/libsystem_networkextension.dylib
0x00007ff819cb7000 	/usr/lib/system/libsystem_notify.dylib
0x00007ff8282c0000 	/usr/lib/system/libsystem_product_info_filter.dylib
0x00007ff82091d000 	/usr/lib/system/libsystem_sandbox.dylib
0x00007ff82203c000 	/usr/lib/system/libsystem_secinit.dylib
0x00007ff817217000 	/usr/lib/system/libsystem_kernel.dylib
0x00007ff817267000 	/usr/lib/system/libsystem_platform.dylib
0x00007ff81724f000 	/usr/lib/system/libsystem_pthread.dylib
0x00007ff81da3e000 	/usr/lib/system/libsystem_symptoms.dylib
0x00007ff816fc4000 	/usr/lib/system/libsystem_trace.dylib
0x00007ff822012000 	/usr/lib/system/libunwind.dylib
0x00007ff816f88000 	/usr/lib/system/libxpc.dylib
0x00007ff817201000 	/usr/lib/libc++abi.dylib
0x00007ff82201d000 	/usr/lib/liboah.dylib
0x00007ff8227a3000 	/usr/lib/liblzma.5.dylib
0x00007ff817e2a000 	/System/Library/Frameworks/SystemConfiguration.framework/Versions/A/SystemConfiguration
0x00007ff822051000 	/usr/lib/libfakelink.dylib
0x00007ff81bcfb000 	/System/Library/Frameworks/CFNetwork.framework/Versions/A/CFNetwork
0x00007ff822192000 	/usr/lib/libarchive.2.dylib
0x00007ff820925000 	/System/Library/PrivateFrameworks/AppleSystemInfo.framework/Versions/A/AppleSystemInfo
0x00007ff82168c000 	/usr/lib/libbsm.0.dylib
0x00007ff81b30a000 	/usr/lib/libnetwork.dylib
0x00007ff821fea000 	/usr/lib/system/libkxld.dylib
0x00007ff8212bf000 	/System/Library/PrivateFrameworks/IOMobileFramebuffer.framework/Versions/A/IOMobileFramebuffer
0x00007ffb2fa19000 	/usr/lib/libCoreEntitlements.dylib
0x00007ff821cfe000 	/System/Library/PrivateFrameworks/AppleFSCompression.framework/Versions/A/AppleFSCompression
0x00007ff821674000 	/usr/lib/libcoretls.dylib
0x00007ff8227bd000 	/usr/lib/libcoretls_cfhelpers.dylib
0x00007ff8222d4000 	/usr/lib/libpam.2.dylib
0x00007ff81d65d000 	/usr/lib/libsqlite3.dylib
0x00007ff82282c000 	/usr/lib/libxar.1.dylib
0x00007ff821d0e000 	/usr/lib/libbz2.1.0.dylib
0x00007ff822056000 	/usr/lib/libpcap.A.dylib
0x00007ff81da36000 	/usr/lib/libdns_services.dylib
0x00007ff8222a4000 	/usr/lib/libapple_nghttp2.dylib
0x00007ff822090000 	/usr/lib/libiconv.2.dylib
0x00007ff821fe3000 	/usr/lib/libcharset.1.dylib
0x00007ff81e995000 	/System/Library/Frameworks/CoreServices.framework/Versions/A/Frameworks/FSEvents.framework/Versions/A/FSEvents
0x00007ff81989b000 	/System/Library/Frameworks/CoreServices.framework/Versions/A/Frameworks/CarbonCore.framework/Versions/A/CarbonCore
0x00007ff81dc7f000 	/System/Library/Frameworks/CoreServices.framework/Versions/A/Frameworks/Metadata.framework/Versions/A/Metadata
0x00007ff821d21000 	/System/Library/Frameworks/CoreServices.framework/Versions/A/Frameworks/OSServices.framework/Versions/A/OSServices
0x00007ff822219000 	/System/Library/Frameworks/CoreServices.framework/Versions/A/Frameworks/SearchKit.framework/Versions/A/SearchKit
0x00007ff81d9c8000 	/System/Library/Frameworks/CoreServices.framework/Versions/A/Frameworks/AE.framework/Versions/A/AE
0x00007ff81779f000 	/System/Library/Frameworks/CoreServices.framework/Versions/A/Frameworks/LaunchServices.framework/Versions/A/LaunchServices
0x00007ff822754000 	/System/Library/Frameworks/CoreServices.framework/Versions/A/Frameworks/DictionaryServices.framework/Versions/A/DictionaryServices
0x00007ff81e9a2000 	/System/Library/Frameworks/CoreServices.framework/Versions/A/Frameworks/SharedFileList.framework/Versions/A/SharedFileList
0x00007ff821668000 	/usr/lib/libCheckFix.dylib
0x00007ff81c207000 	/System/Library/PrivateFrameworks/TCC.framework/Versions/A/TCC
0x00007ff82092b000 	/System/Library/PrivateFrameworks/CoreNLP.framework/Versions/A/CoreNLP
0x00007ff81dc2f000 	/System/Library/PrivateFrameworks/MetadataUtilities.framework/Versions/A/MetadataUtilities
0x00007ff817edb000 	/usr/lib/libmecabra.dylib
0x00007ff82169c000 	/usr/lib/libmecab.dylib
0x00007ff817ea6000 	/usr/lib/libCRFSuite.dylib
0x00007ff8216f6000 	/usr/lib/libgermantok.dylib
0x00007ff82227f000 	/usr/lib/libThaiTokenizer.dylib
0x00007ff81dd22000 	/System/Library/Frameworks/Accelerate.framework/Versions/A/Frameworks/vImage.framework/Versions/A/vImage
0x00007ff8283c2000 	/System/Library/Frameworks/Accelerate.framework/Versions/A/Frameworks/vecLib.framework/Versions/A/vecLib
0x00007ff82286d000 	/System/Library/Frameworks/Accelerate.framework/Versions/A/Frameworks/vecLib.framework/Versions/A/libvMisc.dylib
0x00007ff8210ea000 	/System/Library/Frameworks/Accelerate.framework/Versions/A/Frameworks/vecLib.framework/Versions/A/libvDSP.dylib
0x00007ff817b1a000 	/System/Library/Frameworks/Accelerate.framework/Versions/A/Frameworks/vecLib.framework/Versions/A/libBLAS.dylib
0x00007ff8223b6000 	/System/Library/Frameworks/Accelerate.framework/Versions/A/Frameworks/vecLib.framework/Versions/A/libLAPACK.dylib
0x00007ff8216f9000 	/System/Library/Frameworks/Accelerate.framework/Versions/A/Frameworks/vecLib.framework/Versions/A/libLinearAlgebra.dylib
0x00007ff8222bc000 	/System/Library/Frameworks/Accelerate.framework/Versions/A/Frameworks/vecLib.framework/Versions/A/libSparseBLAS.dylib
0x00007ff8223b0000 	/System/Library/Frameworks/Accelerate.framework/Versions/A/Frameworks/vecLib.framework/Versions/A/libQuadrature.dylib
0x00007ff820a16000 	/System/Library/Frameworks/Accelerate.framework/Versions/A/Frameworks/vecLib.framework/Versions/A/libBNNS.dylib
0x00007ff817db4000 	/System/Library/Frameworks/Accelerate.framework/Versions/A/Frameworks/vecLib.framework/Versions/A/libSparse.dylib
0x00007ff820a0f000 	/System/Library/PrivateFrameworks/LinguisticData.framework/Versions/A/LinguisticData
0x00007ff817d6a000 	/System/Library/PrivateFrameworks/Lexicon.framework/Versions/A/Lexicon
0x00007ff822866000 	/usr/lib/libChineseTokenizer.dylib
0x00007ff8184d5000 	/System/Library/PrivateFrameworks/LanguageModeling.framework/Versions/A/LanguageModeling
0x00007ff822281000 	/System/Library/PrivateFrameworks/AppleSauce.framework/Versions/A/AppleSauce
0x00007ff8212ad000 	/System/Library/PrivateFrameworks/CoreEmoji.framework/Versions/A/CoreEmoji
0x00007ff822181000 	/usr/lib/libcmph.dylib
0x00007ff81e979000 	/System/Library/Frameworks/OpenDirectory.framework/Versions/A/Frameworks/CFOpenDirectory.framework/Versions/A/CFOpenDirectory
0x00007ff81e96d000 	/System/Library/Frameworks/OpenDirectory.framework/Versions/A/OpenDirectory
0x00007ff8227bf000 	/System/Library/PrivateFrameworks/APFS.framework/Versions/A/APFS
0x00007ff8215c3000 	/System/Library/Frameworks/SecurityFoundation.framework/Versions/A/SecurityFoundation
0x00007ff82283a000 	/usr/lib/libutil.dylib
0x00007ff819bc5000 	/System/Library/PrivateFrameworks/CoreServicesStore.framework/Versions/A/CoreServicesStore
0x00007ff82283e000 	/usr/lib/libxslt.1.dylib
0x00007ff821650000 	/System/Library/PrivateFrameworks/BackgroundTaskManagement.framework/Versions/A/BackgroundTaskManagement
0x00007ff823cac000 	/System/Library/Frameworks/ImageIO.framework/Versions/A/Resources/libRadiance.dylib
0x00007ff823cb5000 	/System/Library/Frameworks/ImageIO.framework/Versions/A/Resources/libJPEG.dylib
0x00007ff823c04000 	/System/Library/Frameworks/ImageIO.framework/Versions/A/Resources/libPng.dylib
0x00007ff823c25000 	/System/Library/Frameworks/ImageIO.framework/Versions/A/Resources/libTIFF.dylib
0x00007ff823d15000 	/System/Library/Frameworks/ImageIO.framework/Versions/A/Resources/libGIF.dylib
0x00007ff82353f000 	/System/Library/Frameworks/ImageIO.framework/Versions/A/Resources/libJP2.dylib
0x00007ff822c7c000 	/usr/lib/libexpat.1.dylib
0x00007ff8234f4000 	/System/Library/PrivateFrameworks/AppleJPEG.framework/Versions/A/AppleJPEG
0x00007ff81fe5f000 	/System/Library/PrivateFrameworks/FontServices.framework/libFontParser.dylib
0x00007ff81d972000 	/System/Library/PrivateFrameworks/RunningBoardServices.framework/Versions/A/RunningBoardServices
0x00007ff82e67d000 	/System/Library/PrivateFrameworks/IOSurfaceAccelerator.framework/Versions/A/IOSurfaceAccelerator
0x00007ff823621000 	/System/Library/PrivateFrameworks/WatchdogClient.framework/Versions/A/WatchdogClient
0x00007ff8185c3000 	/System/Library/Frameworks/CoreDisplay.framework/Versions/A/CoreDisplay
0x00007ff81fd5d000 	/System/Library/Frameworks/CoreMedia.framework/Versions/A/CoreMedia
0x00007ff81fbf1000 	/System/Library/PrivateFrameworks/IOAccelerator.framework/Versions/A/IOAccelerator
0x00007ff81eaf6000 	/System/Library/Frameworks/CoreVideo.framework/Versions/A/CoreVideo
0x00007ff8222d2000 	/System/Library/Frameworks/MetalPerformanceShaders.framework/Versions/A/MetalPerformanceShaders
0x00007ff82365e000 	/System/Library/Frameworks/VideoToolbox.framework/Versions/A/VideoToolbox
0x00007ff81d8bc000 	/System/Library/PrivateFrameworks/BaseBoard.framework/Versions/A/BaseBoard
0x00007ff81d643000 	/System/Library/PrivateFrameworks/ProtocolBuffer.framework/Versions/A/ProtocolBuffer
0x00007ff823ca5000 	/System/Library/PrivateFrameworks/GPUWrangler.framework/Versions/A/GPUWrangler
0x00007ff823c89000 	/System/Library/PrivateFrameworks/IOPresentment.framework/Versions/A/IOPresentment
0x00007ff823caf000 	/System/Library/PrivateFrameworks/DSExternalDisplay.framework/Versions/A/DSExternalDisplay
0x00007ffa30035000 	/System/Library/Frameworks/OpenGL.framework/Versions/A/Libraries/libCoreFSCache.dylib
0x00007ffb1d10c000 	/System/Library/PrivateFrameworks/GPUCompiler.framework/Versions/31001/Libraries/libGPUCompilerUtils.dylib
0x00007ff823d1a000 	/System/Library/PrivateFrameworks/CMCaptureCore.framework/Versions/A/CMCaptureCore
0x00007ff823224000 	/System/Library/PrivateFrameworks/AppServerSupport.framework/Versions/A/AppServerSupport
0x00007ff8254e8000 	/System/Library/PrivateFrameworks/perfdata.framework/Versions/A/perfdata
0x00007ff8186ef000 	/System/Library/PrivateFrameworks/AudioToolboxCore.framework/Versions/A/AudioToolboxCore
0x00007ff81fd3b000 	/System/Library/PrivateFrameworks/caulk.framework/Versions/A/caulk
0x00007ff824dfa000 	/usr/lib/libAudioStatistics.dylib
0x00007ff91caf1000 	/System/Library/PrivateFrameworks/SystemPolicy.framework/Versions/A/SystemPolicy
0x00007ff825055000 	/usr/lib/libSMC.dylib
0x00007ff82df75000 	/System/Library/Frameworks/CoreMIDI.framework/Versions/A/CoreMIDI
0x00007ff823bd3000 	/usr/lib/libAudioToolboxUtility.dylib
0x00007ff918d19000 	/System/Library/PrivateFrameworks/OSAServicesClient.framework/Versions/A/OSAServicesClient
0x00007ff8254f5000 	/usr/lib/libperfcheck.dylib
0x00007ff91d59e000 	/usr/lib/libmis.dylib
0x00007ffa30090000 	/System/Library/Frameworks/OpenGL.framework/Versions/A/Libraries/libGLU.dylib
0x00007ffa30054000 	/System/Library/Frameworks/OpenGL.framework/Versions/A/Libraries/libGFXShared.dylib
0x00007ffa3025d000 	/System/Library/Frameworks/OpenGL.framework/Versions/A/Libraries/libGL.dylib
0x00007ffa3005d000 	/System/Library/Frameworks/OpenGL.framework/Versions/A/Libraries/libGLImage.dylib
0x00007ffa30051000 	/System/Library/Frameworks/OpenGL.framework/Versions/A/Libraries/libCVMSPluginSupport.dylib
0x00007ffa3003c000 	/System/Library/Frameworks/OpenGL.framework/Versions/A/Libraries/libCoreVMClient.dylib
0x00007ff8208a7000 	/System/Library/Frameworks/MetalPerformanceShaders.framework/Versions/A/Frameworks/MPSCore.framework/Versions/A/MPSCore
0x00007ff821c69000 	/System/Library/Frameworks/MetalPerformanceShaders.framework/Versions/A/Frameworks/MPSImage.framework/Versions/A/MPSImage
0x00007ff82170f000 	/System/Library/Frameworks/MetalPerformanceShaders.framework/Versions/A/Frameworks/MPSNeuralNetwork.framework/Versions/A/MPSNeuralNetwork
0x00007ff821b83000 	/System/Library/Frameworks/MetalPerformanceShaders.framework/Versions/A/Frameworks/MPSMatrix.framework/Versions/A/MPSMatrix
0x00007ff82193e000 	/System/Library/Frameworks/MetalPerformanceShaders.framework/Versions/A/Frameworks/MPSRayIntersector.framework/Versions/A/MPSRayIntersector
0x00007ff821bbb000 	/System/Library/Frameworks/MetalPerformanceShaders.framework/Versions/A/Frameworks/MPSNDArray.framework/Versions/A/MPSNDArray
0x00007ffa35b15000 	/System/Library/Frameworks/MetalPerformanceShaders.framework/Versions/A/Frameworks/MPSFunctions.framework/Versions/A/MPSFunctions
0x00007ff8179f6000 	/System/Library/PrivateFrameworks/MetalTools.framework/Versions/A/MetalTools
0x00007ff820923000 	/System/Library/PrivateFrameworks/AggregateDictionary.framework/Versions/A/AggregateDictionary
0x00007ff822a5e000 	/usr/lib/libIOReport.dylib
0x00007ffa3166c000 	/System/Library/Frameworks/OpenCL.framework/Versions/A/OpenCL
0x00007ff822dc2000 	/System/Library/PrivateFrameworks/FaceCore.framework/Versions/A/FaceCore
0x00007ff822db3000 	/System/Library/PrivateFrameworks/GraphVisualizer.framework/Versions/A/GraphVisualizer
0x00007ffb1d017000 	/System/Library/PrivateFrameworks/FontServices.framework/Versions/A/FontServices
0x00007ff8231dc000 	/System/Library/PrivateFrameworks/OTSVG.framework/Versions/A/OTSVG
0x00007ff81e6dc000 	/System/Library/Frameworks/ApplicationServices.framework/Versions/A/Frameworks/ATS.framework/Versions/A/Resources/libFontRegistry.dylib
0x00007ff82322c000 	/System/Library/PrivateFrameworks/FontServices.framework/libhvf.dylib
0x00007ffb1d018000 	/System/Library/PrivateFrameworks/FontServices.framework/libXTFontStaticRegistryData.dylib
0x00007ff822c2c000 	/System/Library/PrivateFrameworks/AppleVA.framework/Versions/A/AppleVA
0x00007ff824e1a000 	/System/Library/Frameworks/ApplicationServices.framework/Versions/A/Frameworks/ATS.framework/Versions/A/ATS
0x00007ff81cd89000 	/System/Library/Frameworks/ApplicationServices.framework/Versions/A/Frameworks/HIServices.framework/Versions/A/HIServices
0x00007ff823d24000 	/System/Library/Frameworks/ApplicationServices.framework/Versions/A/Frameworks/PrintCore.framework/Versions/A/PrintCore
0x00007ff8251a8000 	/System/Library/Frameworks/ApplicationServices.framework/Versions/A/Frameworks/QD.framework/Versions/A/QD
0x00007ff8251a0000 	/System/Library/Frameworks/ApplicationServices.framework/Versions/A/Frameworks/ColorSyncLegacy.framework/Versions/A/ColorSyncLegacy
0x00007ff824e0a000 	/System/Library/Frameworks/ApplicationServices.framework/Versions/A/Frameworks/SpeechSynthesis.framework/Versions/A/SpeechSynthesis
0x00007ff823ce5000 	/System/Library/Frameworks/ApplicationServices.framework/Versions/A/Frameworks/ATSUI.framework/Versions/A/ATSUI
0x00007ff825135000 	/usr/lib/libcups.2.dylib
0x00007ff825504000 	/System/Library/Frameworks/Kerberos.framework/Versions/A/Kerberos
0x00007ff825513000 	/System/Library/Frameworks/GSS.framework/Versions/A/GSS
0x00007ff824e86000 	/usr/lib/libresolv.9.dylib
0x00007ff82323b000 	/System/Library/PrivateFrameworks/Heimdal.framework/Versions/A/Heimdal
0x00007ff82c0f8000 	/System/Library/Frameworks/Kerberos.framework/Versions/A/Libraries/libHeimdalProxy.dylib
0x00007ff81da46000 	/System/Library/Frameworks/Network.framework/Versions/A/Network
0x00007ff822c96000 	/usr/lib/libheimdal-asn1.dylib
0x00007ff82555e000 	/System/Library/PrivateFrameworks/CommonAuth.framework/Versions/A/CommonAuth
0x00007ff824d8c000 	/System/Library/PrivateFrameworks/AudioSession.framework/Versions/A/AudioSession
0x00007ff822d26000 	/System/Library/PrivateFrameworks/MediaExperience.framework/Versions/A/MediaExperience
0x00007ff824c1e000 	/System/Library/PrivateFrameworks/AudioSession.framework/libSessionUtility.dylib
0x00007ff8251b4000 	/System/Library/PrivateFrameworks/AudioResourceArbitration.framework/Versions/A/AudioResourceArbitration
0x00007ff829235000 	/System/Library/PrivateFrameworks/PowerLog.framework/Versions/A/PowerLog
0x00007ff822c9f000 	/System/Library/PrivateFrameworks/IconFoundation.framework/Versions/A/IconFoundation
0x00007ff827feb000 	/System/Library/PrivateFrameworks/SpeechRecognitionCore.framework/Versions/A/SpeechRecognitionCore
0x0000000108dea000 	/Library/Java/JavaVirtualMachines/adoptopenjdk-11.jdk/Contents/Home/lib/server/libjvm.dylib
0x0000000108065000 	/Library/Java/JavaVirtualMachines/adoptopenjdk-11.jdk/Contents/Home/lib/libverify.dylib
0x00000001080a2000 	/Library/Java/JavaVirtualMachines/adoptopenjdk-11.jdk/Contents/Home/lib/libjava.dylib
0x0000000108076000 	/Library/Java/JavaVirtualMachines/adoptopenjdk-11.jdk/Contents/Home/lib/libjimage.dylib
0x000000010808e000 	/Library/Java/JavaVirtualMachines/adoptopenjdk-11.jdk/Contents/Home/lib/libzip.dylib
0x0000000108d63000 	/Library/Java/JavaVirtualMachines/adoptopenjdk-11.jdk/Contents/Home/lib/libnio.dylib
0x0000000108d8f000 	/Library/Java/JavaVirtualMachines/adoptopenjdk-11.jdk/Contents/Home/lib/libnet.dylib
0x0000000108d57000 	/Users/hafidiy/.gradle/native/e1d6ef7f7dcc3fd88c89a11ec53ec762bb8ba0a96d01ffa2cd45eb1d1d8dd5c5/osx-amd64/libnative-platform.dylib
0x0000000108d5e000 	/Users/hafidiy/.gradle/native/e1d6ef7f7dcc3fd88c89a11ec53ec762bb8ba0a96d01ffa2cd45eb1d1d8dd5c5/osx-amd64/libnative-platform-curses.dylib
0x00007ff921369000 	/usr/lib/libncurses.5.4.dylib
0x0000000108d76000 	/Users/hafidiy/.gradle/native/jansi/1.18/osx/libjansi.jnilib
0x0000000108da8000 	/Library/Java/JavaVirtualMachines/adoptopenjdk-11.jdk/Contents/Home/lib/libmanagement.dylib
0x0000000108db2000 	/Library/Java/JavaVirtualMachines/adoptopenjdk-11.jdk/Contents/Home/lib/libmanagement_ext.dylib
0x0000000108d84000 	/Library/Java/JavaVirtualMachines/adoptopenjdk-11.jdk/Contents/Home/lib/libextnet.dylib


VM Arguments:
jvm_args: -Xmx64m -Xms64m -Dorg.gradle.appname=gradlew 
java_command: org.gradle.wrapper.GradleWrapperMain app:installDebug -PreactNativeDevServerPort=8081
java_class_path (initial): /Users/hafidiy/Desktop/projects/fitme/fitme-mobile/android/gradle/wrapper/gradle-wrapper.jar
Launcher Type: SUN_STANDARD

[Global flags]
     intx CICompilerCount                          = 4                                         {product} {ergonomic}
     uint ConcGCThreads                            = 2                                         {product} {ergonomic}
     uint G1ConcRefinementThreads                  = 8                                         {product} {ergonomic}
   size_t G1HeapRegionSize                         = 1048576                                   {product} {ergonomic}
    uintx GCDrainStackTargetSize                   = 64                                        {product} {ergonomic}
   size_t InitialHeapSize                          = 67108864                                  {product} {command line}
   size_t MarkStackSize                            = 4194304                                   {product} {ergonomic}
   size_t MaxHeapSize                              = 67108864                                  {product} {command line}
   size_t MaxNewSize                               = 39845888                                  {product} {ergonomic}
   size_t MinHeapDeltaBytes                        = 1048576                                   {product} {ergonomic}
    uintx NonNMethodCodeHeapSize                   = 5836300                                {pd product} {ergonomic}
    uintx NonProfiledCodeHeapSize                  = 122910970                              {pd product} {ergonomic}
    uintx ProfiledCodeHeapSize                     = 122910970                              {pd product} {ergonomic}
    uintx ReservedCodeCacheSize                    = 251658240                              {pd product} {ergonomic}
     bool SegmentedCodeCache                       = true                                      {product} {ergonomic}
     bool UseCompressedClassPointers               = true                                 {lp64_product} {ergonomic}
     bool UseCompressedOops                        = true                                 {lp64_product} {ergonomic}
     bool UseG1GC                                  = true                                      {product} {ergonomic}

Logging:
Log output configuration:
 #0: stdout all=warning uptime,level,tags
 #1: stderr all=off uptime,level,tags

Environment Variables:
PATH=/Users/hafidiy/Desktop/projects/fitme/fitme-mobile/android/node_modules/.bin:/Users/hafidiy/Desktop/projects/fitme/fitme-mobile/node_modules/.bin:/Users/hafidiy/Desktop/projects/fitme/node_modules/.bin:/Users/hafidiy/Desktop/projects/node_modules/.bin:/Users/hafidiy/Desktop/node_modules/.bin:/Users/hafidiy/node_modules/.bin:/Users/node_modules/.bin:/node_modules/.bin:/usr/local/bin:/var/folders/52/_9wrtvk132lg9nnjkv8m43t40000gn/T/yarn--1682520735997-0.9784031928080212:/Users/hafidiy/Desktop/projects/fitme/fitme-mobile/node_modules/.bin:/Users/hafidiy/.config/yarn/link/node_modules/.bin:/usr/local/libexec/lib/node_modules/npm/bin/node-gyp-bin:/usr/local/lib/node_modules/npm/bin/node-gyp-bin:/usr/local/bin/node_modules/npm/bin/node-gyp-bin:/usr/local/bin:/usr/bin:/bin:/usr/sbin:/sbin:/Library/Apple/usr/bin:/Users/hafidiy/Library/Android/sdk/emulator:/Users/hafidiy/Library/Android/sdk/tools:/Users/hafidiy/Library/Android/sdk/tools/bin:/Users/hafidiy/Library/Android/sdk/platform-tools:/usr/local/bin
SHELL=/bin/zsh
LC_CTYPE=UTF-8

Signal Handlers:
SIGSEGV: [libjvm.dylib+0x7bc7ea], sa_mask[0]=11111111011111110111111111111111, sa_flags=SA_ONSTACK|SA_RESTART|SA_SIGINFO
SIGBUS: [libjvm.dylib+0x7bc7ea], sa_mask[0]=11111111011111110111111111111111, sa_flags=SA_RESTART|SA_SIGINFO
SIGFPE: [libjvm.dylib+0x7bc7ea], sa_mask[0]=11111111011111110111111111111111, sa_flags=SA_RESTART|SA_SIGINFO
SIGPIPE: [libjvm.dylib+0x62226b], sa_mask[0]=11111111011111110111111111111111, sa_flags=SA_RESTART|SA_SIGINFO
SIGXFSZ: [libjvm.dylib+0x62226b], sa_mask[0]=11111111011111110111111111111111, sa_flags=SA_RESTART|SA_SIGINFO
SIGILL: [libjvm.dylib+0x7bc7ea], sa_mask[0]=11111111011111110111111111111111, sa_flags=SA_RESTART|SA_SIGINFO
SIGUSR2: [libjvm.dylib+0x622853], sa_mask[0]=00000000000000000000000000000000, sa_flags=SA_RESTART|SA_SIGINFO
SIGHUP: [libjvm.dylib+0x6213f1], sa_mask[0]=11111111011111110111111111111111, sa_flags=SA_RESTART|SA_SIGINFO
SIGINT: [libjvm.dylib+0x6213f1], sa_mask[0]=11111111011111110111111111111111, sa_flags=SA_RESTART|SA_SIGINFO
SIGTERM: [libjvm.dylib+0x6213f1], sa_mask[0]=11111111011111110111111111111111, sa_flags=SA_RESTART|SA_SIGINFO
SIGQUIT: [libjvm.dylib+0x6213f1], sa_mask[0]=11111111011111110111111111111111, sa_flags=SA_RESTART|SA_SIGINFO


---------------  S Y S T E M  ---------------

OS:uname:Darwin 21.6.0 Darwin Kernel Version 21.6.0: Sun Nov  6 23:31:16 PST 2022; root:xnu-8020.240.14~1/RELEASE_X86_64 x86_64
OS uptime: 2 days 0:58 hours
rlimit (soft/hard): STACK 8192k/65532k , CORE 0k/infinity , NPROC 2784/4176 , NOFILE 10240/infinity , AS infinity/infinity , CPU infinity/infinity , DATA infinity/infinity , FSIZE infinity/infinity , MEMLOCK infinity/infinity , RSS infinity/infinity
load average:11.89 9.25 8.04

CPU:total 8 (initial active 8) (4 cores per cpu, 2 threads per core) family 6 model 94 stepping 3 microcode 0xf0, cmov, cx8, fxsr, mmx, sse, sse2, sse3, ssse3, sse4.1, sse4.2, popcnt, avx, avx2, aes, clmul, erms, rtm, 3dnowpref, lzcnt, ht, tsc, tscinvbit, bmi1, bmi2, adx, fma

Memory: 4k page, physical 16777216k(54464k free), swap 7340032k(1164032k free)

vm_info: OpenJDK 64-Bit Server VM (11.0.11+9) for bsd-amd64 JRE (11.0.11+9), built on Apr 20 2021 22:06:18 by "jenkins" with gcc 4.2.1 Compatible Apple LLVM 10.0.1 (clang-1001.0.46.4)

END.
